18:50:00.562 [main] INFO  testCases.TC_001_AccountRegTest - ****Starting TC_001_AccountRegTest****
18:50:00.702 [main] INFO  testCases.TC_001_AccountRegTest - Clicked on My Account link
18:50:01.545 [main] INFO  testCases.TC_001_AccountRegTest - Clicked on Registration link
18:50:01.549 [main] INFO  testCases.TC_001_AccountRegTest - Providing customer data
18:50:02.149 [main] INFO  testCases.TC_001_AccountRegTest - Clicked on Continue Button
18:50:02.996 [main] INFO  testCases.TC_001_AccountRegTest - Validating expected Message
18:50:03.000 [main] INFO  testCases.TC_001_AccountRegTest - ****Finished TC_001_AccountRegTest****
18:52:34.996 [main] INFO  testCases.TC_001_AccountRegTest - ****Starting TC_001_AccountRegTest****
18:52:35.165 [main] INFO  testCases.TC_001_AccountRegTest - Clicked on My Account link
18:52:35.966 [main] INFO  testCases.TC_001_AccountRegTest - Clicked on Registration link
18:52:35.970 [main] INFO  testCases.TC_001_AccountRegTest - Providing customer data
18:52:36.618 [main] INFO  testCases.TC_001_AccountRegTest - Clicked on Continue Button
18:52:37.345 [main] INFO  testCases.TC_001_AccountRegTest - Validating expected Message
18:54:22.796 [main] DEBUG io.netty.util.internal.logging.InternalLoggerFactory - Using Log4J2 as the default logging framework
18:54:22.823 [main] DEBUG io.netty.util.ResourceLeakDetector - -Dio.netty.leakDetection.level: simple
18:54:22.823 [main] DEBUG io.netty.util.ResourceLeakDetector - -Dio.netty.leakDetection.targetRecords: 4
18:54:22.829 [main] DEBUG io.netty.util.ResourceLeakDetectorFactory - Loaded default ResourceLeakDetector: io.netty.util.ResourceLeakDetector@5ec77191
18:54:22.851 [main] DEBUG io.netty.util.internal.PlatformDependent0 - -Dio.netty.noUnsafe: false
18:54:22.852 [main] DEBUG io.netty.util.internal.PlatformDependent0 - Java version: 19
18:54:22.853 [main] DEBUG io.netty.util.internal.PlatformDependent0 - sun.misc.Unsafe.theUnsafe: available
18:54:22.854 [main] DEBUG io.netty.util.internal.PlatformDependent0 - sun.misc.Unsafe.copyMemory: available
18:54:22.854 [main] DEBUG io.netty.util.internal.PlatformDependent0 - sun.misc.Unsafe.storeFence: available
18:54:22.855 [main] DEBUG io.netty.util.internal.PlatformDependent0 - java.nio.Buffer.address: available
18:54:22.856 [main] DEBUG io.netty.util.internal.PlatformDependent0 - direct buffer constructor: unavailable: Reflective setAccessible(true) disabled
18:54:22.858 [main] DEBUG io.netty.util.internal.PlatformDependent0 - java.nio.Bits.unaligned: available, true
18:54:22.859 [main] DEBUG io.netty.util.internal.PlatformDependent0 - jdk.internal.misc.Unsafe.allocateUninitializedArray(int): unavailable: class io.netty.util.internal.PlatformDependent0$7 cannot access class jdk.internal.misc.Unsafe (in module java.base) because module java.base does not export jdk.internal.misc to unnamed module @13a57a3b
18:54:22.860 [main] DEBUG io.netty.util.internal.PlatformDependent0 - java.nio.DirectByteBuffer.<init>(long, int): unavailable
18:54:22.861 [main] DEBUG io.netty.util.internal.PlatformDependent - sun.misc.Unsafe: available
18:54:22.862 [main] DEBUG io.netty.util.internal.PlatformDependent - maxDirectMemory: 6438256640 bytes (maybe)
18:54:22.865 [main] DEBUG io.netty.util.internal.PlatformDependent - -Dio.netty.tmpdir: C:\Users\USER\AppData\Local\Temp (java.io.tmpdir)
18:54:22.867 [main] DEBUG io.netty.util.internal.PlatformDependent - -Dio.netty.bitMode: 64 (sun.arch.data.model)
18:54:22.868 [main] DEBUG io.netty.util.internal.PlatformDependent - Platform: Windows
18:54:22.869 [main] DEBUG io.netty.util.internal.PlatformDependent - -Dio.netty.maxDirectMemory: -1 bytes
18:54:22.869 [main] DEBUG io.netty.util.internal.PlatformDependent - -Dio.netty.uninitializedArrayAllocationThreshold: -1
18:54:22.872 [main] DEBUG io.netty.util.internal.CleanerJava9 - java.nio.ByteBuffer.cleaner(): available
18:54:22.872 [main] DEBUG io.netty.util.internal.PlatformDependent - -Dio.netty.noPreferDirect: false
18:54:22.885 [main] DEBUG io.netty.util.internal.PlatformDependent - org.jctools-core.MpscChunkedArrayQueue: available
18:54:22.906 [main] DEBUG io.netty.util.internal.InternalThreadLocalMap - -Dio.netty.threadLocalMap.stringBuilder.initialSize: 1024
18:54:22.907 [main] DEBUG io.netty.util.internal.InternalThreadLocalMap - -Dio.netty.threadLocalMap.stringBuilder.maxSize: 4096
18:54:22.979 [main] DEBUG io.netty.handler.ssl.JdkSslContext - Default protocols (JDK): [TLSv1.3, TLSv1.2] 
18:54:22.979 [main] DEBUG io.netty.handler.ssl.JdkSslContext - Default cipher suites (JDK): [TLS_ECDHE_ECDSA_WITH_AES_256_GCM_SHA384, TLS_ECDHE_ECDSA_WITH_AES_128_GCM_SHA256, TLS_ECDHE_RSA_WITH_AES_128_GCM_SHA256, TLS_ECDHE_RSA_WITH_AES_256_GCM_SHA384, TLS_ECDHE_RSA_WITH_AES_128_CBC_SHA, TLS_ECDHE_RSA_WITH_AES_256_CBC_SHA, TLS_RSA_WITH_AES_128_GCM_SHA256, TLS_RSA_WITH_AES_128_CBC_SHA, TLS_RSA_WITH_AES_256_CBC_SHA, TLS_AES_128_GCM_SHA256, TLS_AES_256_GCM_SHA384]
18:54:23.013 [main] DEBUG io.netty.channel.MultithreadEventLoopGroup - -Dio.netty.eventLoopThreads: 12
18:54:23.023 [main] DEBUG io.netty.channel.nio.NioEventLoop - -Dio.netty.noKeySetOptimization: false
18:54:23.023 [main] DEBUG io.netty.channel.nio.NioEventLoop - -Dio.netty.selectorAutoRebuildThreshold: 512
18:54:23.080 [main] DEBUG io.netty.buffer.PooledByteBufAllocator - -Dio.netty.allocator.numHeapArenas: 12
18:54:23.080 [main] DEBUG io.netty.buffer.PooledByteBufAllocator - -Dio.netty.allocator.numDirectArenas: 12
18:54:23.080 [main] DEBUG io.netty.buffer.PooledByteBufAllocator - -Dio.netty.allocator.pageSize: 8192
18:54:23.080 [main] DEBUG io.netty.buffer.PooledByteBufAllocator - -Dio.netty.allocator.maxOrder: 9
18:54:23.080 [main] DEBUG io.netty.buffer.PooledByteBufAllocator - -Dio.netty.allocator.chunkSize: 4194304
18:54:23.080 [main] DEBUG io.netty.buffer.PooledByteBufAllocator - -Dio.netty.allocator.smallCacheSize: 256
18:54:23.080 [main] DEBUG io.netty.buffer.PooledByteBufAllocator - -Dio.netty.allocator.normalCacheSize: 64
18:54:23.081 [main] DEBUG io.netty.buffer.PooledByteBufAllocator - -Dio.netty.allocator.maxCachedBufferCapacity: 32768
18:54:23.081 [main] DEBUG io.netty.buffer.PooledByteBufAllocator - -Dio.netty.allocator.cacheTrimInterval: 8192
18:54:23.081 [main] DEBUG io.netty.buffer.PooledByteBufAllocator - -Dio.netty.allocator.cacheTrimIntervalMillis: 0
18:54:23.081 [main] DEBUG io.netty.buffer.PooledByteBufAllocator - -Dio.netty.allocator.useCacheForAllThreads: false
18:54:23.081 [main] DEBUG io.netty.buffer.PooledByteBufAllocator - -Dio.netty.allocator.maxCachedByteBuffersPerChunk: 1023
18:54:23.093 [main] DEBUG io.netty.buffer.ByteBufUtil - -Dio.netty.allocator.type: pooled
18:54:23.093 [main] DEBUG io.netty.buffer.ByteBufUtil - -Dio.netty.threadLocalDirectBufferSize: 0
18:54:23.093 [main] DEBUG io.netty.buffer.ByteBufUtil - -Dio.netty.maxThreadLocalCharBufferSize: 16384
18:54:23.437 [Forwarding newSession on session null to remote] DEBUG io.netty.channel.DefaultChannelId - -Dio.netty.processId: 5580 (auto-detected)
18:54:23.439 [Forwarding newSession on session null to remote] DEBUG io.netty.util.NetUtil - -Djava.net.preferIPv4Stack: false
18:54:23.440 [Forwarding newSession on session null to remote] DEBUG io.netty.util.NetUtil - -Djava.net.preferIPv6Addresses: false
18:54:23.446 [Forwarding newSession on session null to remote] DEBUG io.netty.util.NetUtilInitializations - Loopback interface: lo (Software Loopback Interface 1, 127.0.0.1)
18:54:23.447 [Forwarding newSession on session null to remote] DEBUG io.netty.util.NetUtil - Failed to get SOMAXCONN from sysctl and file \proc\sys\net\core\somaxconn. Default: 200
18:54:23.451 [Forwarding newSession on session null to remote] DEBUG io.netty.channel.DefaultChannelId - -Dio.netty.machineId: 1c:1b:0d:ff:fe:ab:20:16 (auto-detected)
18:54:23.510 [AsyncHttpClient-1-2] DEBUG io.netty.buffer.AbstractByteBuf - -Dio.netty.buffer.checkAccessible: true
18:54:23.510 [AsyncHttpClient-1-2] DEBUG io.netty.buffer.AbstractByteBuf - -Dio.netty.buffer.checkBounds: true
18:54:23.510 [AsyncHttpClient-1-2] DEBUG io.netty.util.ResourceLeakDetectorFactory - Loaded default ResourceLeakDetector: io.netty.util.ResourceLeakDetector@35e6237a
18:54:23.536 [AsyncHttpClient-1-2] DEBUG io.netty.util.Recycler - -Dio.netty.recycler.maxCapacityPerThread: 4096
18:54:23.536 [AsyncHttpClient-1-2] DEBUG io.netty.util.Recycler - -Dio.netty.recycler.ratio: 8
18:54:23.536 [AsyncHttpClient-1-2] DEBUG io.netty.util.Recycler - -Dio.netty.recycler.chunkSize: 32
18:54:23.536 [AsyncHttpClient-1-2] DEBUG io.netty.util.Recycler - -Dio.netty.recycler.blocking: false
18:54:24.361 [AsyncHttpClient-1-2] DEBUG io.netty.handler.codec.compression.Brotli - brotli4j not in the classpath; Brotli support will be unavailable.
18:54:24.520 [main] DEBUG io.netty.util.internal.ThreadLocalRandom - -Dio.netty.initialSeedUniquifier: 0x3a3233a3825185f4
18:54:27.285 [main] INFO  testCases.TC_001_AccountRegTest - ****Starting TC_001_AccountRegTest****
18:54:27.452 [main] INFO  testCases.TC_001_AccountRegTest - Clicked on My Account link
18:54:28.039 [main] INFO  testCases.TC_001_AccountRegTest - Clicked on Registration link
18:54:28.043 [main] INFO  testCases.TC_001_AccountRegTest - Providing customer data
18:54:28.745 [main] INFO  testCases.TC_001_AccountRegTest - Clicked on Continue Button
18:54:29.582 [main] INFO  testCases.TC_001_AccountRegTest - Validating expected Message
18:55:08.938 [main] DEBUG io.netty.util.internal.logging.InternalLoggerFactory - Using Log4J2 as the default logging framework
18:55:08.950 [main] DEBUG io.netty.util.ResourceLeakDetector - -Dio.netty.leakDetection.level: simple
18:55:08.950 [main] DEBUG io.netty.util.ResourceLeakDetector - -Dio.netty.leakDetection.targetRecords: 4
18:55:08.955 [main] DEBUG io.netty.util.ResourceLeakDetectorFactory - Loaded default ResourceLeakDetector: io.netty.util.ResourceLeakDetector@796d3c9f
18:55:08.976 [main] DEBUG io.netty.util.internal.PlatformDependent0 - -Dio.netty.noUnsafe: false
18:55:08.976 [main] DEBUG io.netty.util.internal.PlatformDependent0 - Java version: 19
18:55:08.978 [main] DEBUG io.netty.util.internal.PlatformDependent0 - sun.misc.Unsafe.theUnsafe: available
18:55:08.978 [main] DEBUG io.netty.util.internal.PlatformDependent0 - sun.misc.Unsafe.copyMemory: available
18:55:08.979 [main] DEBUG io.netty.util.internal.PlatformDependent0 - sun.misc.Unsafe.storeFence: available
18:55:08.980 [main] DEBUG io.netty.util.internal.PlatformDependent0 - java.nio.Buffer.address: available
18:55:08.980 [main] DEBUG io.netty.util.internal.PlatformDependent0 - direct buffer constructor: unavailable: Reflective setAccessible(true) disabled
18:55:08.981 [main] DEBUG io.netty.util.internal.PlatformDependent0 - java.nio.Bits.unaligned: available, true
18:55:08.982 [main] DEBUG io.netty.util.internal.PlatformDependent0 - jdk.internal.misc.Unsafe.allocateUninitializedArray(int): unavailable: class io.netty.util.internal.PlatformDependent0$7 cannot access class jdk.internal.misc.Unsafe (in module java.base) because module java.base does not export jdk.internal.misc to unnamed module @7946e1f4
18:55:08.983 [main] DEBUG io.netty.util.internal.PlatformDependent0 - java.nio.DirectByteBuffer.<init>(long, int): unavailable
18:55:08.983 [main] DEBUG io.netty.util.internal.PlatformDependent - sun.misc.Unsafe: available
18:55:08.984 [main] DEBUG io.netty.util.internal.PlatformDependent - maxDirectMemory: 6438256640 bytes (maybe)
18:55:08.984 [main] DEBUG io.netty.util.internal.PlatformDependent - -Dio.netty.tmpdir: C:\Users\USER\AppData\Local\Temp (java.io.tmpdir)
18:55:08.984 [main] DEBUG io.netty.util.internal.PlatformDependent - -Dio.netty.bitMode: 64 (sun.arch.data.model)
18:55:08.985 [main] DEBUG io.netty.util.internal.PlatformDependent - Platform: Windows
18:55:08.985 [main] DEBUG io.netty.util.internal.PlatformDependent - -Dio.netty.maxDirectMemory: -1 bytes
18:55:08.986 [main] DEBUG io.netty.util.internal.PlatformDependent - -Dio.netty.uninitializedArrayAllocationThreshold: -1
18:55:08.987 [main] DEBUG io.netty.util.internal.CleanerJava9 - java.nio.ByteBuffer.cleaner(): available
18:55:08.987 [main] DEBUG io.netty.util.internal.PlatformDependent - -Dio.netty.noPreferDirect: false
18:55:08.997 [main] DEBUG io.netty.util.internal.PlatformDependent - org.jctools-core.MpscChunkedArrayQueue: available
18:55:09.018 [main] DEBUG io.netty.util.internal.InternalThreadLocalMap - -Dio.netty.threadLocalMap.stringBuilder.initialSize: 1024
18:55:09.018 [main] DEBUG io.netty.util.internal.InternalThreadLocalMap - -Dio.netty.threadLocalMap.stringBuilder.maxSize: 4096
18:55:09.093 [main] DEBUG io.netty.handler.ssl.JdkSslContext - Default protocols (JDK): [TLSv1.3, TLSv1.2] 
18:55:09.093 [main] DEBUG io.netty.handler.ssl.JdkSslContext - Default cipher suites (JDK): [TLS_ECDHE_ECDSA_WITH_AES_256_GCM_SHA384, TLS_ECDHE_ECDSA_WITH_AES_128_GCM_SHA256, TLS_ECDHE_RSA_WITH_AES_128_GCM_SHA256, TLS_ECDHE_RSA_WITH_AES_256_GCM_SHA384, TLS_ECDHE_RSA_WITH_AES_128_CBC_SHA, TLS_ECDHE_RSA_WITH_AES_256_CBC_SHA, TLS_RSA_WITH_AES_128_GCM_SHA256, TLS_RSA_WITH_AES_128_CBC_SHA, TLS_RSA_WITH_AES_256_CBC_SHA, TLS_AES_128_GCM_SHA256, TLS_AES_256_GCM_SHA384]
18:55:09.131 [main] DEBUG io.netty.channel.MultithreadEventLoopGroup - -Dio.netty.eventLoopThreads: 12
18:55:09.143 [main] DEBUG io.netty.channel.nio.NioEventLoop - -Dio.netty.noKeySetOptimization: false
18:55:09.144 [main] DEBUG io.netty.channel.nio.NioEventLoop - -Dio.netty.selectorAutoRebuildThreshold: 512
18:55:09.201 [main] DEBUG io.netty.buffer.PooledByteBufAllocator - -Dio.netty.allocator.numHeapArenas: 12
18:55:09.201 [main] DEBUG io.netty.buffer.PooledByteBufAllocator - -Dio.netty.allocator.numDirectArenas: 12
18:55:09.201 [main] DEBUG io.netty.buffer.PooledByteBufAllocator - -Dio.netty.allocator.pageSize: 8192
18:55:09.202 [main] DEBUG io.netty.buffer.PooledByteBufAllocator - -Dio.netty.allocator.maxOrder: 9
18:55:09.202 [main] DEBUG io.netty.buffer.PooledByteBufAllocator - -Dio.netty.allocator.chunkSize: 4194304
18:55:09.202 [main] DEBUG io.netty.buffer.PooledByteBufAllocator - -Dio.netty.allocator.smallCacheSize: 256
18:55:09.202 [main] DEBUG io.netty.buffer.PooledByteBufAllocator - -Dio.netty.allocator.normalCacheSize: 64
18:55:09.202 [main] DEBUG io.netty.buffer.PooledByteBufAllocator - -Dio.netty.allocator.maxCachedBufferCapacity: 32768
18:55:09.202 [main] DEBUG io.netty.buffer.PooledByteBufAllocator - -Dio.netty.allocator.cacheTrimInterval: 8192
18:55:09.202 [main] DEBUG io.netty.buffer.PooledByteBufAllocator - -Dio.netty.allocator.cacheTrimIntervalMillis: 0
18:55:09.202 [main] DEBUG io.netty.buffer.PooledByteBufAllocator - -Dio.netty.allocator.useCacheForAllThreads: false
18:55:09.202 [main] DEBUG io.netty.buffer.PooledByteBufAllocator - -Dio.netty.allocator.maxCachedByteBuffersPerChunk: 1023
18:55:09.217 [main] DEBUG io.netty.buffer.ByteBufUtil - -Dio.netty.allocator.type: pooled
18:55:09.217 [main] DEBUG io.netty.buffer.ByteBufUtil - -Dio.netty.threadLocalDirectBufferSize: 0
18:55:09.217 [main] DEBUG io.netty.buffer.ByteBufUtil - -Dio.netty.maxThreadLocalCharBufferSize: 16384
18:55:09.627 [Forwarding newSession on session null to remote] DEBUG io.netty.channel.DefaultChannelId - -Dio.netty.processId: 16692 (auto-detected)
18:55:09.629 [Forwarding newSession on session null to remote] DEBUG io.netty.util.NetUtil - -Djava.net.preferIPv4Stack: false
18:55:09.629 [Forwarding newSession on session null to remote] DEBUG io.netty.util.NetUtil - -Djava.net.preferIPv6Addresses: false
18:55:09.636 [Forwarding newSession on session null to remote] DEBUG io.netty.util.NetUtilInitializations - Loopback interface: lo (Software Loopback Interface 1, 127.0.0.1)
18:55:09.637 [Forwarding newSession on session null to remote] DEBUG io.netty.util.NetUtil - Failed to get SOMAXCONN from sysctl and file \proc\sys\net\core\somaxconn. Default: 200
18:55:09.641 [Forwarding newSession on session null to remote] DEBUG io.netty.channel.DefaultChannelId - -Dio.netty.machineId: 1c:1b:0d:ff:fe:ab:20:16 (auto-detected)
18:55:09.698 [AsyncHttpClient-1-2] DEBUG io.netty.buffer.AbstractByteBuf - -Dio.netty.buffer.checkAccessible: true
18:55:09.698 [AsyncHttpClient-1-2] DEBUG io.netty.buffer.AbstractByteBuf - -Dio.netty.buffer.checkBounds: true
18:55:09.698 [AsyncHttpClient-1-2] DEBUG io.netty.util.ResourceLeakDetectorFactory - Loaded default ResourceLeakDetector: io.netty.util.ResourceLeakDetector@1961972f
18:55:09.722 [AsyncHttpClient-1-2] DEBUG io.netty.util.Recycler - -Dio.netty.recycler.maxCapacityPerThread: 4096
18:55:09.722 [AsyncHttpClient-1-2] DEBUG io.netty.util.Recycler - -Dio.netty.recycler.ratio: 8
18:55:09.722 [AsyncHttpClient-1-2] DEBUG io.netty.util.Recycler - -Dio.netty.recycler.chunkSize: 32
18:55:09.722 [AsyncHttpClient-1-2] DEBUG io.netty.util.Recycler - -Dio.netty.recycler.blocking: false
18:55:10.497 [AsyncHttpClient-1-2] DEBUG io.netty.handler.codec.compression.Brotli - brotli4j not in the classpath; Brotli support will be unavailable.
18:55:10.662 [main] DEBUG io.netty.util.internal.ThreadLocalRandom - -Dio.netty.initialSeedUniquifier: 0x37de337e46aec1bb
18:55:13.517 [main] INFO  testCases.TC_001_AccountRegTest - ****Starting TC_001_AccountRegTest****
18:55:13.658 [main] INFO  testCases.TC_001_AccountRegTest - Clicked on My Account link
18:55:14.135 [main] INFO  testCases.TC_001_AccountRegTest - Clicked on Registration link
18:55:14.139 [main] INFO  testCases.TC_001_AccountRegTest - Providing customer data
18:55:14.765 [main] INFO  testCases.TC_001_AccountRegTest - Clicked on Continue Button
18:55:15.467 [main] INFO  testCases.TC_001_AccountRegTest - Validating expected Message
18:55:15.469 [main] INFO  testCases.TC_001_AccountRegTest - ****Finished TC_001_AccountRegTest****
18:57:31.699 [main] INFO  testCases.TC_001_AccountRegTest - ****Starting TC_001_AccountRegTest****
18:57:31.850 [main] INFO  testCases.TC_001_AccountRegTest - Clicked on My Account link
18:57:32.497 [main] INFO  testCases.TC_001_AccountRegTest - Clicked on Registration link
18:57:32.500 [main] INFO  testCases.TC_001_AccountRegTest - Providing customer data
18:57:33.108 [main] INFO  testCases.TC_001_AccountRegTest - Clicked on Continue Button
18:57:34.043 [main] INFO  testCases.TC_001_AccountRegTest - Validating expected Message
18:57:34.046 [main] INFO  testCases.TC_001_AccountRegTest - ****Finished TC_001_AccountRegTest****
19:36:16.405 [main] INFO  testCases.TC_001_AccountRegTest - ****Starting TC_001_AccountRegTest****
19:36:16.557 [main] INFO  testCases.TC_001_AccountRegTest - Clicked on My Account link
19:36:17.538 [main] INFO  testCases.TC_001_AccountRegTest - Clicked on Registration link
19:36:17.541 [main] INFO  testCases.TC_001_AccountRegTest - Providing customer data
19:36:18.160 [main] INFO  testCases.TC_001_AccountRegTest - Clicked on Continue Button
19:36:18.970 [main] INFO  testCases.TC_001_AccountRegTest - Validating expected Message
19:36:18.973 [main] INFO  testCases.TC_001_AccountRegTest - ****Finished TC_001_AccountRegTest****
20:41:00.337 [main] INFO  testCases.TC_001_AccountRegTest - ****Starting TC_001_AccountRegTest****
20:41:00.473 [main] INFO  testCases.TC_001_AccountRegTest - Clicked on My Account link
20:41:01.032 [main] INFO  testCases.TC_001_AccountRegTest - Clicked on Registration link
20:41:01.035 [main] INFO  testCases.TC_001_AccountRegTest - Providing customer data
20:41:01.658 [main] INFO  testCases.TC_001_AccountRegTest - Clicked on Continue Button
20:41:02.592 [main] INFO  testCases.TC_001_AccountRegTest - Validating expected Message
20:41:02.595 [main] INFO  testCases.TC_001_AccountRegTest - ****Finished TC_001_AccountRegTest****
20:44:31.194 [main] INFO  testCases.TC_001_AccountRegTest - ****Starting TC_001_AccountRegTest****
20:44:31.348 [main] INFO  testCases.TC_001_AccountRegTest - Clicked on My Account link
20:44:31.856 [main] INFO  testCases.TC_001_AccountRegTest - Clicked on Registration link
20:44:31.859 [main] INFO  testCases.TC_001_AccountRegTest - Providing customer data
20:44:32.471 [main] INFO  testCases.TC_001_AccountRegTest - Clicked on Continue Button
20:44:33.389 [main] INFO  testCases.TC_001_AccountRegTest - Validating expected Message
20:44:33.392 [main] INFO  testCases.TC_001_AccountRegTest - ****Finished TC_001_AccountRegTest****
20:58:23.507 [main] INFO  testCases.TC_001_AccountRegTest - ****Starting TC_001_AccountRegTest****
20:58:23.613 [main] INFO  testCases.TC_001_AccountRegTest - Clicked on My Account link
20:58:25.006 [main] INFO  testCases.TC_001_AccountRegTest - Clicked on Registration link
20:58:25.008 [main] INFO  testCases.TC_001_AccountRegTest - Providing customer data
20:58:25.495 [main] INFO  testCases.TC_001_AccountRegTest - Clicked on Continue Button
20:58:26.602 [main] INFO  testCases.TC_001_AccountRegTest - Validating expected Message
20:58:26.605 [main] INFO  testCases.TC_001_AccountRegTest - ****Finished TC_001_AccountRegTest****
20:59:09.791 [main] INFO  testCases.TC_001_AccountRegTest - ****Starting TC_001_AccountRegTest****
20:59:10.270 [main] INFO  testCases.TC_001_AccountRegTest - Clicked on My Account link
20:59:11.017 [main] INFO  testCases.TC_001_AccountRegTest - Clicked on Registration link
20:59:11.022 [main] INFO  testCases.TC_001_AccountRegTest - Providing customer data
20:59:11.251 [main] INFO  testCases.TC_001_AccountRegTest - Clicked on Continue Button
20:59:12.576 [main] INFO  testCases.TC_001_AccountRegTest - Validating expected Message
20:59:12.579 [main] INFO  testCases.TC_001_AccountRegTest - ****Finished TC_001_AccountRegTest****
21:02:17.427 [main] INFO  testCases.TC_001_AccountRegTest - ****Starting TC_001_AccountRegTest****
21:02:17.571 [main] INFO  testCases.TC_001_AccountRegTest - Clicked on My Account link
21:02:18.777 [main] INFO  testCases.TC_001_AccountRegTest - Clicked on Registration link
21:02:18.780 [main] INFO  testCases.TC_001_AccountRegTest - Providing customer data
21:02:19.516 [main] INFO  testCases.TC_001_AccountRegTest - Clicked on Continue Button
21:02:20.217 [main] INFO  testCases.TC_001_AccountRegTest - Validating expected Message
21:02:20.220 [main] INFO  testCases.TC_001_AccountRegTest - ****Finished TC_001_AccountRegTest****
21:04:14.804 [main] INFO  testCases.TC_001_AccountRegTest - ****Starting TC_001_AccountRegTest****
21:04:14.943 [main] INFO  testCases.TC_001_AccountRegTest - Clicked on My Account link
21:04:15.481 [main] INFO  testCases.TC_001_AccountRegTest - Clicked on Registration link
21:04:15.484 [main] INFO  testCases.TC_001_AccountRegTest - Providing customer data
21:04:16.084 [main] INFO  testCases.TC_001_AccountRegTest - Clicked on Continue Button
21:04:16.806 [main] INFO  testCases.TC_001_AccountRegTest - Validating expected Message
21:04:16.809 [main] INFO  testCases.TC_001_AccountRegTest - ****Finished TC_001_AccountRegTest****
21:04:25.533 [main] INFO  testCases.TC_001_AccountRegTest - ****Starting TC_001_AccountRegTest****
21:04:25.631 [main] INFO  testCases.TC_001_AccountRegTest - Clicked on My Account link
21:04:26.670 [main] INFO  testCases.TC_001_AccountRegTest - Clicked on Registration link
21:04:26.672 [main] INFO  testCases.TC_001_AccountRegTest - Providing customer data
21:04:27.241 [main] INFO  testCases.TC_001_AccountRegTest - Clicked on Continue Button
21:04:28.487 [main] INFO  testCases.TC_001_AccountRegTest - Validating expected Message
21:04:28.487 [main] INFO  testCases.TC_001_AccountRegTest - ****Finished TC_001_AccountRegTest****
21:04:35.440 [main] INFO  testCases.TC_001_AccountRegTest - ****Starting TC_001_AccountRegTest****
21:04:36.553 [main] INFO  testCases.TC_001_AccountRegTest - Clicked on My Account link
21:04:37.457 [main] INFO  testCases.TC_001_AccountRegTest - Clicked on Registration link
21:04:37.458 [main] INFO  testCases.TC_001_AccountRegTest - Providing customer data
21:04:37.638 [main] INFO  testCases.TC_001_AccountRegTest - Clicked on Continue Button
21:04:38.933 [main] INFO  testCases.TC_001_AccountRegTest - Validating expected Message
21:04:38.933 [main] INFO  testCases.TC_001_AccountRegTest - ****Finished TC_001_AccountRegTest****
21:05:48.730 [TestNG-tests-1] INFO  testCases.TC_001_AccountRegTest - ****Starting TC_001_AccountRegTest****
21:05:48.864 [TestNG-tests-1] INFO  testCases.TC_001_AccountRegTest - Clicked on My Account link
21:05:50.471 [TestNG-tests-1] INFO  testCases.TC_001_AccountRegTest - Clicked on Registration link
21:05:50.474 [TestNG-tests-1] INFO  testCases.TC_001_AccountRegTest - Providing customer data
21:05:51.225 [TestNG-tests-1] INFO  testCases.TC_001_AccountRegTest - Clicked on Continue Button
21:05:53.855 [TestNG-tests-1] INFO  testCases.TC_001_AccountRegTest - Validating expected Message
21:05:53.862 [TestNG-tests-1] INFO  testCases.TC_001_AccountRegTest - ****Finished TC_001_AccountRegTest****
21:05:54.092 [TestNG-tests-3] INFO  testCases.TC_001_AccountRegTest - ****Starting TC_001_AccountRegTest****
21:05:54.727 [TestNG-tests-2] INFO  testCases.TC_001_AccountRegTest - ****Starting TC_001_AccountRegTest****
21:05:54.830 [TestNG-tests-2] INFO  testCases.TC_001_AccountRegTest - Clicked on My Account link
21:05:56.042 [TestNG-tests-2] INFO  testCases.TC_001_AccountRegTest - Clicked on Registration link
21:05:56.043 [TestNG-tests-2] INFO  testCases.TC_001_AccountRegTest - Providing customer data
21:05:56.530 [TestNG-tests-2] INFO  testCases.TC_001_AccountRegTest - Clicked on Continue Button
21:05:59.358 [TestNG-tests-3] INFO  testCases.TC_001_AccountRegTest - Clicked on My Account link
21:06:00.091 [TestNG-tests-2] INFO  testCases.TC_001_AccountRegTest - Validating expected Message
21:06:00.091 [TestNG-tests-2] INFO  testCases.TC_001_AccountRegTest - ****Finished TC_001_AccountRegTest****
21:06:00.698 [TestNG-tests-3] INFO  testCases.TC_001_AccountRegTest - Clicked on Registration link
21:06:00.703 [TestNG-tests-3] INFO  testCases.TC_001_AccountRegTest - Providing customer data
21:06:00.889 [TestNG-tests-3] INFO  testCases.TC_001_AccountRegTest - Clicked on Continue Button
21:06:02.237 [TestNG-tests-3] INFO  testCases.TC_001_AccountRegTest - Validating expected Message
21:06:02.238 [TestNG-tests-3] INFO  testCases.TC_001_AccountRegTest - ****Finished TC_001_AccountRegTest****
21:17:54.444 [TestNG-tests-1] INFO  testCases.TC_001_AccountRegTest - ****Starting TC_001_AccountRegTest****
21:17:54.586 [TestNG-tests-1] INFO  testCases.TC_001_AccountRegTest - Clicked on My Account link
21:17:55.989 [TestNG-tests-1] INFO  testCases.TC_001_AccountRegTest - Clicked on Registration link
21:17:55.993 [TestNG-tests-1] INFO  testCases.TC_001_AccountRegTest - Providing customer data
21:17:56.899 [TestNG-tests-1] INFO  testCases.TC_001_AccountRegTest - Clicked on Continue Button
21:17:57.728 [TestNG-tests-2] INFO  testCases.TC_001_AccountRegTest - ****Starting TC_001_AccountRegTest****
21:17:57.838 [TestNG-tests-3] INFO  testCases.TC_001_AccountRegTest - ****Starting TC_001_AccountRegTest****
21:17:57.934 [TestNG-tests-2] INFO  testCases.TC_001_AccountRegTest - Clicked on My Account link
21:17:59.110 [TestNG-tests-2] INFO  testCases.TC_001_AccountRegTest - Clicked on Registration link
21:17:59.111 [TestNG-tests-2] INFO  testCases.TC_001_AccountRegTest - Providing customer data
21:17:59.542 [TestNG-tests-1] INFO  testCases.TC_001_AccountRegTest - Validating expected Message
21:17:59.546 [TestNG-tests-1] INFO  testCases.TC_001_AccountRegTest - ****Finished TC_001_AccountRegTest****
21:17:59.676 [TestNG-tests-2] INFO  testCases.TC_001_AccountRegTest - Clicked on Continue Button
21:18:01.363 [TestNG-tests-2] INFO  testCases.TC_001_AccountRegTest - Validating expected Message
21:18:01.364 [TestNG-tests-2] INFO  testCases.TC_001_AccountRegTest - ****Finished TC_001_AccountRegTest****
21:18:02.818 [TestNG-tests-3] INFO  testCases.TC_001_AccountRegTest - Clicked on My Account link
21:18:03.697 [TestNG-tests-3] INFO  testCases.TC_001_AccountRegTest - Clicked on Registration link
21:18:03.699 [TestNG-tests-3] INFO  testCases.TC_001_AccountRegTest - Providing customer data
21:18:03.913 [TestNG-tests-3] INFO  testCases.TC_001_AccountRegTest - Clicked on Continue Button
21:18:05.017 [TestNG-tests-3] INFO  testCases.TC_001_AccountRegTest - Validating expected Message
21:18:05.018 [TestNG-tests-3] INFO  testCases.TC_001_AccountRegTest - ****Finished TC_001_AccountRegTest****
17:47:58.568 [TestNG-tests-2] INFO  testCases.TC_001_AccountRegTest - ****Starting TC_001_AccountRegTest****
17:47:58.795 [TestNG-tests-2] INFO  testCases.TC_001_AccountRegTest - Clicked on My Account link
17:48:01.558 [TestNG-tests-2] INFO  testCases.TC_001_AccountRegTest - Clicked on Registration link
17:48:01.561 [TestNG-tests-2] INFO  testCases.TC_001_AccountRegTest - Providing customer data
17:48:01.921 [TestNG-tests-3] INFO  testCases.TC_001_AccountRegTest - ****Starting TC_001_AccountRegTest****
17:48:02.327 [TestNG-tests-2] INFO  testCases.TC_001_AccountRegTest - Clicked on Continue Button
17:48:02.403 [TestNG-tests-3] INFO  testCases.TC_001_AccountRegTest - Clicked on My Account link
17:48:03.598 [TestNG-tests-3] INFO  testCases.TC_001_AccountRegTest - Clicked on Registration link
17:48:03.599 [TestNG-tests-3] INFO  testCases.TC_001_AccountRegTest - Providing customer data
17:48:03.882 [TestNG-tests-3] INFO  testCases.TC_001_AccountRegTest - Clicked on Continue Button
17:48:04.470 [TestNG-tests-2] INFO  testCases.TC_001_AccountRegTest - Validating expected Message
17:48:04.473 [TestNG-tests-2] INFO  testCases.TC_001_AccountRegTest - ****Finished TC_001_AccountRegTest****
17:48:05.338 [TestNG-tests-3] INFO  testCases.TC_001_AccountRegTest - Validating expected Message
17:48:05.338 [TestNG-tests-3] INFO  testCases.TC_001_AccountRegTest - ****Finished TC_001_AccountRegTest****
19:05:23.188 [TestNG-tests-3] INFO  testCases.TC_001_AccountRegTest - ****Starting TC_001_AccountRegTest****
19:05:24.093 [TestNG-tests-3] INFO  testCases.TC_001_AccountRegTest - Clicked on My Account link
19:05:25.910 [TestNG-tests-1] INFO  testCases.TC_001_AccountRegTest - ****Starting TC_001_AccountRegTest****
19:05:25.928 [TestNG-tests-2] INFO  testCases.TC_001_AccountRegTest - ****Starting TC_001_AccountRegTest****
19:05:26.050 [TestNG-tests-1] INFO  testCases.TC_001_AccountRegTest - Clicked on My Account link
19:05:26.063 [TestNG-tests-2] INFO  testCases.TC_001_AccountRegTest - Clicked on My Account link
19:05:27.643 [TestNG-tests-1] INFO  testCases.TC_001_AccountRegTest - Clicked on Registration link
19:05:27.662 [TestNG-tests-3] INFO  testCases.TC_001_AccountRegTest - Clicked on Registration link
19:05:27.665 [TestNG-tests-1] INFO  testCases.TC_001_AccountRegTest - Providing customer data
19:05:27.665 [TestNG-tests-3] INFO  testCases.TC_001_AccountRegTest - Providing customer data
19:05:28.271 [TestNG-tests-3] INFO  testCases.TC_001_AccountRegTest - Clicked on Continue Button
19:05:28.539 [TestNG-tests-1] INFO  testCases.TC_001_AccountRegTest - Clicked on Continue Button
19:05:28.575 [TestNG-tests-2] INFO  testCases.TC_001_AccountRegTest - Clicked on Registration link
19:05:28.577 [TestNG-tests-2] INFO  testCases.TC_001_AccountRegTest - Providing customer data
19:05:29.032 [TestNG-tests-2] INFO  testCases.TC_001_AccountRegTest - Clicked on Continue Button
19:05:31.073 [TestNG-tests-3] INFO  testCases.TC_001_AccountRegTest - Validating expected Message
19:05:31.077 [TestNG-tests-3] INFO  testCases.TC_001_AccountRegTest - ****Finished TC_001_AccountRegTest****
19:05:31.287 [TestNG-tests-1] INFO  testCases.TC_001_AccountRegTest - Validating expected Message
19:05:31.288 [TestNG-tests-1] INFO  testCases.TC_001_AccountRegTest - ****Finished TC_001_AccountRegTest****
19:05:31.653 [TestNG-tests-2] INFO  testCases.TC_001_AccountRegTest - Validating expected Message
19:05:31.654 [TestNG-tests-2] INFO  testCases.TC_001_AccountRegTest - ****Finished TC_001_AccountRegTest****
19:17:07.641 [TestNG-tests-1] INFO  testCases.TC_001_AccountRegTest - ****Starting TC_001_AccountRegTest****
19:17:07.863 [TestNG-tests-1] INFO  testCases.TC_001_AccountRegTest - Clicked on My Account link
19:17:09.396 [TestNG-tests-1] INFO  testCases.TC_001_AccountRegTest - Clicked on Registration link
19:17:09.399 [TestNG-tests-1] INFO  testCases.TC_001_AccountRegTest - Providing customer data
19:17:10.150 [TestNG-tests-1] INFO  testCases.TC_001_AccountRegTest - Clicked on Continue Button
19:17:13.435 [TestNG-tests-2] INFO  testCases.TC_001_AccountRegTest - ****Starting TC_001_AccountRegTest****
19:17:13.463 [TestNG-tests-3] INFO  testCases.TC_001_AccountRegTest - ****Starting TC_001_AccountRegTest****
19:17:13.571 [TestNG-tests-2] INFO  testCases.TC_001_AccountRegTest - Clicked on My Account link
19:17:13.672 [TestNG-tests-1] INFO  testCases.TC_001_AccountRegTest - Validating expected Message
19:17:13.677 [TestNG-tests-1] INFO  testCases.TC_001_AccountRegTest - ****Finished TC_001_AccountRegTest****
19:17:15.492 [TestNG-tests-2] INFO  testCases.TC_001_AccountRegTest - Clicked on Registration link
19:17:15.493 [TestNG-tests-2] INFO  testCases.TC_001_AccountRegTest - Providing customer data
19:17:15.948 [TestNG-tests-2] INFO  testCases.TC_001_AccountRegTest - Clicked on Continue Button
19:17:17.600 [TestNG-tests-2] INFO  testCases.TC_001_AccountRegTest - Validating expected Message
19:17:17.600 [TestNG-tests-2] INFO  testCases.TC_001_AccountRegTest - ****Finished TC_001_AccountRegTest****
19:17:18.665 [TestNG-tests-3] INFO  testCases.TC_001_AccountRegTest - Clicked on My Account link
19:17:19.758 [TestNG-tests-3] INFO  testCases.TC_001_AccountRegTest - Clicked on Registration link
19:17:19.758 [TestNG-tests-3] INFO  testCases.TC_001_AccountRegTest - Providing customer data
19:17:19.931 [TestNG-tests-3] INFO  testCases.TC_001_AccountRegTest - Clicked on Continue Button
19:17:21.132 [TestNG-tests-3] INFO  testCases.TC_001_AccountRegTest - Validating expected Message
19:17:21.132 [TestNG-tests-3] INFO  testCases.TC_001_AccountRegTest - ****Finished TC_001_AccountRegTest****
20:44:46.295 [TestNG-tests-1] INFO  testCases.TC_001_AccountRegTest - ****Starting TC_001_AccountRegTest****
20:44:51.828 [TestNG-tests-1] INFO  testCases.TC_001_AccountRegTest - Clicked on My Account link
20:44:52.002 [TestNG-tests-2] INFO  testCases.TC_001_AccountRegTest - ****Starting TC_001_AccountRegTest****
20:44:52.018 [TestNG-tests-3] INFO  testCases.TC_001_AccountRegTest - ****Starting TC_001_AccountRegTest****
20:44:55.007 [TestNG-tests-1] INFO  testCases.TC_001_AccountRegTest - Clicked on Registration link
20:44:55.010 [TestNG-tests-1] INFO  testCases.TC_001_AccountRegTest - Providing customer data
20:44:57.347 [TestNG-tests-2] INFO  testCases.TC_001_AccountRegTest - Clicked on My Account link
20:45:07.585 [TestNG-tests-3] INFO  testCases.TC_001_AccountRegTest - Clicked on My Account link
20:47:49.775 [TestNG-tests-3] INFO  testCases.TC_001_AccountRegTest - ****Starting TC_001_AccountRegTest****
20:47:50.425 [TestNG-tests-1] INFO  testCases.TC_001_AccountRegTest - ****Starting TC_001_AccountRegTest****
20:47:55.449 [TestNG-tests-2] INFO  testCases.TC_001_AccountRegTest - ****Starting TC_001_AccountRegTest****
20:47:55.785 [TestNG-tests-3] INFO  testCases.TC_001_AccountRegTest - Clicked on My Account link
20:47:56.002 [TestNG-tests-2] INFO  testCases.TC_001_AccountRegTest - Clicked on My Account link
20:47:56.235 [TestNG-tests-1] INFO  testCases.TC_001_AccountRegTest - Clicked on My Account link
20:47:57.469 [TestNG-tests-2] INFO  testCases.TC_001_AccountRegTest - Clicked on Registration link
20:47:57.473 [TestNG-tests-2] INFO  testCases.TC_001_AccountRegTest - Providing customer data
20:47:58.439 [TestNG-tests-1] INFO  testCases.TC_001_AccountRegTest - Clicked on Registration link
20:47:58.440 [TestNG-tests-1] INFO  testCases.TC_001_AccountRegTest - Providing customer data
20:52:00.672 [main] INFO  testCases.TC_001_AccountRegTest - ****Starting TC_001_AccountRegTest****
20:52:00.818 [main] INFO  testCases.TC_001_AccountRegTest - Clicked on My Account link
20:52:01.347 [main] INFO  testCases.TC_001_AccountRegTest - Clicked on Registration link
20:52:01.350 [main] INFO  testCases.TC_001_AccountRegTest - Providing customer data
20:52:01.959 [main] INFO  testCases.TC_001_AccountRegTest - Clicked on Continue Button
20:52:02.835 [main] INFO  testCases.TC_001_AccountRegTest - Validating expected Message
20:52:02.839 [main] INFO  testCases.TC_001_AccountRegTest - ****Finished TC_001_AccountRegTest****
20:53:31.731 [main] INFO  testCases.TC_001_AccountRegTest - ****Starting TC_001_AccountRegTest****
20:53:31.861 [main] INFO  testCases.TC_001_AccountRegTest - Clicked on My Account link
20:53:32.601 [main] INFO  testCases.TC_001_AccountRegTest - Clicked on Registration link
20:53:32.604 [main] INFO  testCases.TC_001_AccountRegTest - Providing customer data
20:53:33.235 [main] INFO  testCases.TC_001_AccountRegTest - Clicked on Continue Button
20:53:43.277 [main] INFO  testCases.TC_001_AccountRegTest - Validating expected Message
20:57:36.323 [main] INFO  testCases.TC_001_AccountRegTest - ****Starting TC_001_AccountRegTest****
20:57:36.451 [main] INFO  testCases.TC_001_AccountRegTest - Clicked on My Account link
20:57:36.996 [main] INFO  testCases.TC_001_AccountRegTest - Clicked on Registration link
20:57:36.999 [main] INFO  testCases.TC_001_AccountRegTest - Providing customer data
20:57:37.621 [main] INFO  testCases.TC_001_AccountRegTest - Clicked on Continue Button
20:57:47.677 [main] INFO  testCases.TC_001_AccountRegTest - Validating expected Message
20:59:34.946 [main] INFO  testCases.TC_001_AccountRegTest - ****Starting TC_001_AccountRegTest****
20:59:35.081 [main] INFO  testCases.TC_001_AccountRegTest - Clicked on My Account link
20:59:35.542 [main] INFO  testCases.TC_001_AccountRegTest - Clicked on Registration link
20:59:35.545 [main] INFO  testCases.TC_001_AccountRegTest - Providing customer data
20:59:36.167 [main] INFO  testCases.TC_001_AccountRegTest - Clicked on Continue Button
20:59:46.259 [main] INFO  testCases.TC_001_AccountRegTest - Validating expected Message
21:01:14.218 [main] INFO  testCases.TC_001_AccountRegTest - ****Starting TC_001_AccountRegTest****
21:01:14.352 [main] INFO  testCases.TC_001_AccountRegTest - Clicked on My Account link
21:01:14.905 [main] INFO  testCases.TC_001_AccountRegTest - Clicked on Registration link
21:01:14.908 [main] INFO  testCases.TC_001_AccountRegTest - Providing customer data
21:01:15.520 [main] INFO  testCases.TC_001_AccountRegTest - Clicked on Continue Button
21:01:25.613 [main] INFO  testCases.TC_001_AccountRegTest - Validating expected Message
21:02:15.063 [main] INFO  testCases.TC_001_AccountRegTest - ****Starting TC_001_AccountRegTest****
21:02:15.210 [main] INFO  testCases.TC_001_AccountRegTest - Clicked on My Account link
21:02:15.744 [main] INFO  testCases.TC_001_AccountRegTest - Clicked on Registration link
21:02:15.747 [main] INFO  testCases.TC_001_AccountRegTest - Providing customer data
21:02:16.424 [main] INFO  testCases.TC_001_AccountRegTest - Clicked on Continue Button
21:02:26.504 [main] INFO  testCases.TC_001_AccountRegTest - Validating expected Message
21:05:02.812 [main] INFO  testCases.TC_001_AccountRegTest - ****Starting TC_001_AccountRegTest****
21:05:02.952 [main] INFO  testCases.TC_001_AccountRegTest - Clicked on My Account link
21:05:03.530 [main] INFO  testCases.TC_001_AccountRegTest - Clicked on Registration link
21:05:03.533 [main] INFO  testCases.TC_001_AccountRegTest - Providing customer data
21:05:04.172 [main] INFO  testCases.TC_001_AccountRegTest - Clicked on Continue Button
21:05:14.209 [main] INFO  testCases.TC_001_AccountRegTest - Validating expected Message
21:10:48.149 [main] INFO  testCases.TC_001_AccountRegTest - ****Starting TC_001_AccountRegTest****
21:10:48.308 [main] INFO  testCases.TC_001_AccountRegTest - Clicked on My Account link
21:10:49.144 [main] INFO  testCases.TC_001_AccountRegTest - Clicked on Registration link
21:10:49.147 [main] INFO  testCases.TC_001_AccountRegTest - Providing customer data
21:10:49.753 [main] INFO  testCases.TC_001_AccountRegTest - Clicked on Continue Button
21:10:59.790 [main] INFO  testCases.TC_001_AccountRegTest - Validating expected Message
21:15:12.533 [main] INFO  testCases.TC_001_AccountRegTest - ****Starting TC_001_AccountRegTest****
21:15:12.665 [main] INFO  testCases.TC_001_AccountRegTest - Clicked on My Account link
21:15:13.157 [main] INFO  testCases.TC_001_AccountRegTest - Clicked on Registration link
21:15:13.161 [main] INFO  testCases.TC_001_AccountRegTest - Providing customer data
21:15:13.839 [main] INFO  testCases.TC_001_AccountRegTest - Clicked on Continue Button
21:15:23.911 [main] INFO  testCases.TC_001_AccountRegTest - Validating expected Message
21:16:29.843 [main] INFO  testCases.TC_001_AccountRegTest - ****Starting TC_001_AccountRegTest****
21:16:29.998 [main] INFO  testCases.TC_001_AccountRegTest - Clicked on My Account link
21:16:30.459 [main] INFO  testCases.TC_001_AccountRegTest - Clicked on Registration link
21:16:30.462 [main] INFO  testCases.TC_001_AccountRegTest - Providing customer data
21:16:31.059 [main] INFO  testCases.TC_001_AccountRegTest - Clicked on Continue Button
21:16:41.102 [main] INFO  testCases.TC_001_AccountRegTest - Validating expected Message
21:21:49.901 [main] INFO  testCases.TC_001_AccountRegTest - ****Starting TC_001_AccountRegTest****
21:21:50.025 [main] INFO  testCases.TC_001_AccountRegTest - Clicked on My Account link
21:21:50.513 [main] INFO  testCases.TC_001_AccountRegTest - Clicked on Registration link
21:21:50.517 [main] INFO  testCases.TC_001_AccountRegTest - Providing customer data
21:21:51.131 [main] INFO  testCases.TC_001_AccountRegTest - Clicked on Continue Button
21:22:01.221 [main] INFO  testCases.TC_001_AccountRegTest - Validating expected Message
10:35:05.208 [TestNG-tests-1] INFO  testCases.TC_001_AccountRegTest - ****Starting TC_001_AccountRegTest****
10:35:05.594 [TestNG-tests-2] INFO  testCases.TC_001_AccountRegTest - ****Starting TC_001_AccountRegTest****
10:35:07.309 [TestNG-tests-3] INFO  testCases.TC_001_AccountRegTest - ****Starting TC_001_AccountRegTest****
10:35:07.782 [TestNG-tests-1] INFO  testCases.TC_001_AccountRegTest - Clicked on My Account link
10:35:08.001 [TestNG-tests-3] INFO  testCases.TC_001_AccountRegTest - Clicked on My Account link
10:35:08.231 [TestNG-tests-2] INFO  testCases.TC_001_AccountRegTest - Clicked on My Account link
10:35:10.046 [TestNG-tests-3] INFO  testCases.TC_001_AccountRegTest - Clicked on Registration link
10:35:10.052 [TestNG-tests-3] INFO  testCases.TC_001_AccountRegTest - Providing customer data
10:35:10.967 [TestNG-tests-2] INFO  testCases.TC_001_AccountRegTest - Clicked on Registration link
10:35:10.969 [TestNG-tests-2] INFO  testCases.TC_001_AccountRegTest - Providing customer data
10:35:11.390 [TestNG-tests-3] INFO  testCases.TC_001_AccountRegTest - Clicked on Continue Button
10:35:21.400 [TestNG-tests-3] INFO  testCases.TC_001_AccountRegTest - Validating expected Message
10:38:43.661 [TestNG-tests-1] INFO  testCases.TC_001_AccountRegTest - ****Starting TC_001_AccountRegTest****
10:38:50.960 [TestNG-tests-3] INFO  testCases.TC_001_AccountRegTest - ****Starting TC_001_AccountRegTest****
10:38:51.221 [TestNG-tests-1] INFO  testCases.TC_001_AccountRegTest - Clicked on My Account link
10:38:51.229 [TestNG-tests-2] INFO  testCases.TC_001_AccountRegTest - ****Starting TC_001_AccountRegTest****
10:38:52.584 [TestNG-tests-1] INFO  testCases.TC_001_AccountRegTest - Clicked on Registration link
10:38:52.588 [TestNG-tests-1] INFO  testCases.TC_001_AccountRegTest - Providing customer data
13:33:31.829 [TestNG-tests-1] INFO  testCases.TC_001_AccountRegTest - ****Starting TC_001_AccountRegTest****
13:33:35.147 [TestNG-tests-2] INFO  testCases.TC_001_AccountRegTest - ****Starting TC_001_AccountRegTest****
13:33:35.705 [TestNG-tests-1] INFO  testCases.TC_001_AccountRegTest - Clicked on My Account link
13:33:35.763 [TestNG-tests-2] INFO  testCases.TC_001_AccountRegTest - Clicked on My Account link
13:33:43.119 [TestNG-tests-3] INFO  testCases.TC_001_AccountRegTest - ****Starting TC_001_AccountRegTest****
13:33:43.436 [TestNG-tests-3] INFO  testCases.TC_001_AccountRegTest - Clicked on My Account link
13:33:44.563 [TestNG-tests-3] INFO  testCases.TC_001_AccountRegTest - Clicked on Registration link
13:33:44.566 [TestNG-tests-3] INFO  testCases.TC_001_AccountRegTest - Providing customer data
13:33:45.071 [TestNG-tests-3] INFO  testCases.TC_001_AccountRegTest - Clicked on Continue Button
13:33:47.645 [TestNG-tests-3] INFO  testCases.TC_001_AccountRegTest - Validating expected Message
13:33:47.646 [TestNG-tests-3] INFO  testCases.TC_001_AccountRegTest - ****Finished TC_001_AccountRegTest****
13:36:31.022 [TestNG-tests-1] INFO  testCases.TC_001_AccountRegTest - ****Starting TC_001_AccountRegTest****
13:36:31.022 [TestNG-tests-3] INFO  testCases.TC_001_AccountRegTest - ****Starting TC_001_AccountRegTest****
13:36:36.902 [TestNG-tests-1] INFO  testCases.TC_001_AccountRegTest - Clicked on My Account link
13:36:36.914 [TestNG-tests-2] INFO  testCases.TC_001_AccountRegTest - ****Starting TC_001_AccountRegTest****
13:36:37.136 [TestNG-tests-3] INFO  testCases.TC_001_AccountRegTest - Clicked on My Account link
13:36:57.756 [TestNG-tests-2] INFO  testCases.TC_001_AccountRegTest - Clicked on My Account link
13:37:56.575 [TestNG-tests-1] INFO  testCases.TC_001_AccountRegTest - ****Starting TC_001_AccountRegTest****
13:37:56.578 [TestNG-tests-2] INFO  testCases.TC_001_AccountRegTest - ****Starting TC_001_AccountRegTest****
13:37:56.699 [TestNG-tests-1] INFO  testCases.TC_001_AccountRegTest - Clicked on My Account link
13:37:56.732 [TestNG-tests-2] INFO  testCases.TC_001_AccountRegTest - Clicked on My Account link
13:37:58.266 [TestNG-tests-3] INFO  testCases.TC_001_AccountRegTest - ****Starting TC_001_AccountRegTest****
13:38:01.553 [TestNG-tests-3] INFO  testCases.TC_001_AccountRegTest - Clicked on My Account link
13:38:03.009 [TestNG-tests-3] INFO  testCases.TC_001_AccountRegTest - Clicked on Registration link
13:38:03.013 [TestNG-tests-3] INFO  testCases.TC_001_AccountRegTest - Providing customer data
13:38:03.210 [TestNG-tests-3] INFO  testCases.TC_001_AccountRegTest - Clicked on Continue Button
13:38:04.461 [TestNG-tests-3] INFO  testCases.TC_001_AccountRegTest - Validating expected Message
13:38:04.466 [TestNG-tests-3] INFO  testCases.TC_001_AccountRegTest - ****Finished TC_001_AccountRegTest****
13:39:36.512 [TestNG-tests-3] INFO  testCases.TC_001_AccountRegTest - ****Starting TC_001_AccountRegTest****
13:39:41.091 [TestNG-tests-2] INFO  testCases.TC_001_AccountRegTest - ****Starting TC_001_AccountRegTest****
13:39:41.096 [TestNG-tests-1] INFO  testCases.TC_001_AccountRegTest - ****Starting TC_001_AccountRegTest****
13:39:41.190 [TestNG-tests-3] INFO  testCases.TC_001_AccountRegTest - Clicked on My Account link
13:39:42.383 [TestNG-tests-3] INFO  testCases.TC_001_AccountRegTest - Clicked on Registration link
13:39:42.386 [TestNG-tests-3] INFO  testCases.TC_001_AccountRegTest - Providing customer data
13:39:44.942 [TestNG-tests-2] INFO  testCases.TC_001_AccountRegTest - Clicked on My Account link
13:39:55.196 [TestNG-tests-1] INFO  testCases.TC_001_AccountRegTest - Clicked on My Account link
13:41:37.705 [TestNG-tests-2] INFO  testCases.TC_001_AccountRegTest - ****Starting TC_001_AccountRegTest****
13:41:37.705 [TestNG-tests-3] INFO  testCases.TC_001_AccountRegTest - ****Starting TC_001_AccountRegTest****
13:41:37.705 [TestNG-tests-1] INFO  testCases.TC_001_AccountRegTest - ****Starting TC_001_AccountRegTest****
13:41:38.030 [TestNG-tests-1] INFO  testCases.TC_001_AccountRegTest - Clicked on My Account link
13:41:38.254 [TestNG-tests-3] INFO  testCases.TC_001_AccountRegTest - Clicked on My Account link
13:41:38.488 [TestNG-tests-2] INFO  testCases.TC_001_AccountRegTest - Clicked on My Account link
13:41:39.557 [TestNG-tests-3] INFO  testCases.TC_001_AccountRegTest - Clicked on Registration link
13:41:39.561 [TestNG-tests-3] INFO  testCases.TC_001_AccountRegTest - Providing customer data
13:41:40.361 [TestNG-tests-2] INFO  testCases.TC_001_AccountRegTest - Clicked on Registration link
13:41:40.362 [TestNG-tests-2] INFO  testCases.TC_001_AccountRegTest - Providing customer data
13:42:22.405 [TestNG-tests-1] INFO  testCases.TC_001_AccountRegTest - ****Starting TC_001_AccountRegTest****
13:42:26.671 [TestNG-tests-2] INFO  testCases.TC_001_AccountRegTest - ****Starting TC_001_AccountRegTest****
13:42:26.677 [TestNG-tests-3] INFO  testCases.TC_001_AccountRegTest - ****Starting TC_001_AccountRegTest****
13:42:26.767 [TestNG-tests-1] INFO  testCases.TC_001_AccountRegTest - Clicked on My Account link
13:42:28.008 [TestNG-tests-1] INFO  testCases.TC_001_AccountRegTest - Clicked on Registration link
13:42:28.011 [TestNG-tests-1] INFO  testCases.TC_001_AccountRegTest - Providing customer data
13:42:32.498 [TestNG-tests-2] INFO  testCases.TC_001_AccountRegTest - Clicked on My Account link
13:42:42.782 [TestNG-tests-3] INFO  testCases.TC_001_AccountRegTest - Clicked on My Account link
13:44:51.142 [main] INFO  testCases.TC_001_AccountRegTest - ****Starting TC_001_AccountRegTest****
13:44:51.292 [main] INFO  testCases.TC_001_AccountRegTest - Clicked on My Account link
13:44:52.501 [main] INFO  testCases.TC_001_AccountRegTest - Clicked on Registration link
13:44:52.503 [main] INFO  testCases.TC_001_AccountRegTest - Providing customer data
13:44:53.120 [main] INFO  testCases.TC_001_AccountRegTest - Clicked on Continue Button
13:44:53.860 [main] INFO  testCases.TC_001_AccountRegTest - Validating expected Message
13:44:53.863 [main] INFO  testCases.TC_001_AccountRegTest - ****Finished TC_001_AccountRegTest****
